<?xml version="1.0" encoding="UTF-8"?>
<!-- Generated by org.testng.reporters.JUnitReportReporter -->
<testsuite hostname="DESKTOP-6UJ2TDL" failures="0" tests="2" name="api_tests.items_managment_improve" time="4.032" errors="0" timestamp="2024-03-12T13:44:33 EDT" skipped="0">
  <testcase classname="api_tests.items_managment_improve" name="list_all_items" time="1.455"/>
  <testcase classname="api_tests.items_managment_improve" name="login_test" time="2.577"/>
</testsuite> <!-- api_tests.items_managment_improve -->
