<?xml version="1.0" encoding="UTF-8"?>
<!-- Generated by org.testng.reporters.JUnitReportReporter -->
<testsuite hostname="DESKTOP-6UJ2TDL" failures="0" tests="2" name="api_tests.TestNGDemo" time="0.013" errors="0" timestamp="2024-03-13T22:28:48 EDT" skipped="0">
  <testcase classname="api_tests.TestNGDemo" name="demoTest" time="0.004"/>
  <testcase classname="api_tests.TestNGDemo" name="anotherTest" time="0.009"/>
</testsuite> <!-- api_tests.TestNGDemo -->
