<?xml version="1.0" encoding="UTF-8"?>
<!-- Generated by org.testng.reporters.JUnitReportReporter -->
<testsuite hostname="DESKTOP-6UJ2TDL" failures="0" tests="3" name="api_tests.Items_management_api" time="4.150" errors="0" timestamp="2024-03-13T23:16:29 EDT" skipped="0">
  <testcase classname="api_tests.Items_management_api" name="login_test" time="2.176"/>
  <testcase classname="api_tests.Items_management_api" name="list_all_items" time="1.391"/>
  <testcase classname="api_tests.Items_management_api" name="create_item" time="0.583"/>
</testsuite> <!-- api_tests.Items_management_api -->
